 +4.39575955e-03 +7.95908378e-03 +2.16958308e-02
 +1.01235365e+01 +1.01741166e+01 +4.07572906e+01
 +6.37745231e-02 +1.67593348e-02 +2.60854326e-03
 +1.01845351e+01 +1.01249325e+01 +4.07620573e+01
 +7.23319894e-02 +8.71392513e-02 +3.06858537e-02
 +1.10574272e-01 +2.26433664e-02 +4.07440524e+01
 +1.01470883e+01 +1.01465714e+01 +2.87628348e-02
 +1.05849986e-02 +1.01332565e+01 +4.07726069e+01
 +8.07209965e-02 +5.56582878e-02 +4.06796492e+01
 +1.00858070e+01 +5.20887608e-02 +7.43105058e-02
 +4.74712659e-04 +9.56105103e-02 +4.07191296e+01
 +1.01496794e+01 +1.01148056e+01 +4.06727017e+01
 +1.36194410e-01 +1.07490073e-01 +4.68155882e-02
 +4.21204666e-02 +1.01457387e+01 +2.78768573e-02
 +1.13539998e-01 +4.41315831e-02 +4.07867850e+01
 +1.01284498e+01 +1.01144354e+01 +4.07871429e+01
 +6.63681369e-02 +1.53563757e-01 +3.93138229e-02
 +7.16527577e-02 +1.01794147e+01 +4.07281170e+01
 +3.16131778e-02 +1.01151422e-01 +4.07438979e+01
 +1.00536259e+01 +3.88003845e-02 +6.12137963e-02
 +1.01527457e+01 +1.00533490e+01 +1.83155474e-02
 +2.91712741e-02 +1.01238349e+01 +4.07887751e+01
 +1.01378230e+01 +4.17626177e-02 +4.07787633e+01
 +1.01883374e-02 +5.57336089e-02 +2.45629077e-02
 +4.35858857e-02 +1.01730806e+01 +4.14802816e-02
 +2.12719550e-02 +1.01622791e+01 +4.07896735e+01
 +1.01617385e+01 +6.65625747e-03 +4.07412759e+01
 +1.01772531e+01 +8.40156256e-03 +4.07215158e+01
 +6.33702747e-03 +1.01390854e+01 +3.52808186e-02
 +7.68524742e-02 +3.64404791e-02 +4.07882656e+01
 +2.68407527e-02 +1.01749435e+01 +6.78965402e-02
 +3.13699574e-02 +2.92322008e-02 +6.01544511e-03
