+1.0806739743408128e-01  -1.9183245078877581e-07  +5.5718865750243853e-08  
+2.6115489078217116e+00  +2.5963200013906009e+00  +2.5963201581953288e+00  
+5.1608540441115185e+00  +5.1582241239046409e+00  -2.6021004597793548e-03  
+7.7246312492652773e+00  +7.7260774216633230e+00  +2.5647515528120741e+00  
+5.1608540627273172e+00  -2.6023236111863725e-03  +5.1582240555085770e+00  
+7.7246312542808830e+00  +2.5647513846471783e+00  +7.7260771771593326e+00  
-3.3509606175825043e-03  +5.1351354733295382e+00  +5.1351353501164603e+00  
+2.5653932459411610e+00  +7.6961500828890799e+00  +7.6961498141701155e+00  
+4.3437764156524922e-03  -4.4296828033426907e-07  +1.0261212734590492e+01  
+2.5624339265553369e+00  +2.5704732133398513e+00  +1.2825875260114493e+01  
+5.1328507204769531e+00  +5.1315830111140004e+00  +1.0262005732377281e+01  
+7.6933009343613419e+00  +7.6992581484862148e+00  +1.2823167865631028e+01  
+5.1608550772438200e+00  +2.6025525350431098e-03  +1.5364202374541566e+01  
+7.7038361450554040e+00  +2.5646661272488300e+00  +1.7957760748577723e+01  
-2.3279451362156998e-03  +5.1262626758121304e+00  +1.5396162501663406e+01  
+2.5624327248482652e+00  +7.6965501345437719e+00  +1.7951952356422833e+01  
+4.3437400825521808e-03  +1.0261212975779573e+01  -1.6029117324986295e-07  
+2.5624339181541012e+00  +1.2825875361078104e+01  +2.5704733784032419e+00  
+5.1608550861126536e+00  +1.5364202311847913e+01  +2.6027788619444724e-03  
+7.7038361835042322e+00  +1.7957760502794148e+01  +2.5646662797207975e+00  
+5.1328507167673258e+00  +1.0262006000663659e+01  +5.1315829469981162e+00  
+7.6933009433409438e+00  +1.2823168004217749e+01  +7.6992579161872081e+00  
-2.3279468934017649e-03  +1.5396162406063263e+01  +5.1262626246634166e+00  
+2.5624327482914109e+00  +1.7951952105570015e+01  +7.6965499484051287e+00  
+1.3583216622259812e-02  +1.0261212939072207e+01  +1.0261212647712069e+01  
+2.5653933218403675e+00  +1.2826276160291885e+01  +1.2826276003152770e+01  
+5.1328506315856872e+00  +1.5390843636645085e+01  +1.0260419377984267e+01  
+7.7246326278819204e+00  +1.7957674248312077e+01  +1.2796347888924792e+01  
+5.1328506264728659e+00  +1.0260419645408426e+01  +1.5390843702444238e+01  
+7.7246326432110983e+00  +1.2796348038688951e+01  +1.7957674510873201e+01  
-3.3537795404540785e-03  +1.5387289870130260e+01  +1.5387289929099932e+01  
+2.6115463309689710e+00  +1.7926105649826841e+01  +1.7926105893183724e+01  
+1.0277458054189889e+01  +4.9191659300136484e-07  +7.8665187144647279e-07  
+1.2839325471083177e+01  +2.5641879068995386e+00  +2.5641880720881436e+00  
+1.5423086623198127e+01  +5.1028596092293830e+00  -2.4239977077362904e-03  
+1.7950840247126948e+01  +7.6971433654767933e+00  +2.5588376206337693e+00  
+1.5423086593780543e+01  -2.4242284599324156e-03  +5.1028595172612681e+00  
+1.7950840248511771e+01  +2.5588374801020994e+00  +7.6971431413474800e+00  
+1.0264463097688347e+01  +5.1278660797010991e+00  +5.1278660130364111e+00  
+1.2822569430432893e+01  +7.6939404861929335e+00  +7.6939402521584110e+00  
+1.0322915513281623e+01  -7.9185336957167379e-07  +1.0261211016981138e+01  
+1.2853370895618088e+01  +2.5681685172774036e+00  +1.2856851682043180e+01  
+1.5392575386083363e+01  +5.1280867233285230e+00  +1.0263370937711812e+01  
+1.7956487685419070e+01  +7.6978083131039083e+00  +1.2824617492014472e+01  
+1.5423085314616534e+01  +2.4271862295687108e-03  +1.5419566760727061e+01  
+1.8013641620011985e+01  +2.5382331322530174e+00  +1.7984193417218560e+01  
+1.0261174231082260e+01  +5.1307800818579379e+00  +1.5391646184203598e+01  
+1.2853371362091247e+01  +7.6655726449822401e+00  +1.7954258239634097e+01  
+1.0322915550238374e+01  +1.0261211290063310e+01  -5.5460309473459901e-07  
+1.2853370897766744e+01  +1.2856851834318844e+01  +2.5681686354471380e+00  
+1.5423085274533934e+01  +1.5419566646977991e+01  +2.4274395674483487e-03  
+1.8013641615523959e+01  +1.7984193132960190e+01  +2.5382332615101855e+00  
+1.5392575384190634e+01  +1.0263371205824964e+01  +5.1280866138323367e+00  
+1.7956487720713458e+01  +1.2824617625387994e+01  +7.6978080658768002e+00  
+1.0261174247375164e+01  +1.5391646097433322e+01  +5.1307799821833955e+00  
+1.2853371343754842e+01  +1.7954257989650532e+01  +7.6655723782025182e+00  
+1.0264514322974856e+01  +1.0261213024128853e+01  +1.0261212750370397e+01  
+1.2822570340039348e+01  +1.2828485094301833e+01  +1.2828484963076212e+01  
+1.5392575516692826e+01  +1.5394340342600568e+01  +1.0259053795702640e+01  
+1.7950838786512719e+01  +1.7963589291527683e+01  +1.2825282522632511e+01  
+1.5392575516073329e+01  +1.0259054054046649e+01  +1.5394340424958090e+01  
+1.7950838770100113e+01  +1.2825282643023915e+01  +1.7963589550095040e+01  
+1.0264463505191380e+01  +1.5394559492495043e+01  +1.5394559565500138e+01  
+1.2839324229764046e+01  +1.7958237999945567e+01  +1.7958238284526612e+01  
