+5.8062964999901642e-02  -1.0586996956366721e-06  -8.0716704293373223e-07  
+2.5990627944841975e+00  +2.5757311841598542e+00  +2.5757313181634944e+00  
+5.1521126132525801e+00  +5.1469399512794327e+00  +4.7135675480565074e-03  
+7.7257212614768154e+00  +7.7162653344200223e+00  +2.5603825638205460e+00  
+5.1521126123743244e+00  +4.7133460118842863e-03  +5.1469399262506856e+00  
+7.7257212545869614e+00  +2.5603824620239974e+00  +7.7162651676463749e+00  
+1.8470761327049998e-03  +5.1291039452030551e+00  +5.1291039075893652e+00  
+2.5722432859887263e+00  +7.6911131536000559e+00  +7.6911129762086601e+00  
+4.0855317799648573e-03  -1.2723618776062305e-07  +1.0261213010932959e+01  
+2.5714623926772617e+00  +2.5641130187736669e+00  +1.2826865593762282e+01  
+5.1375145790941650e+00  +5.1278143966807290e+00  +1.0261761242833268e+01  
+7.6980439702802173e+00  +7.6971798804190454e+00  +1.2825246696806273e+01  
+5.1521137602212033e+00  -4.7128641200936969e-03  +1.5375486647102287e+01  
+7.7023715566445174e+00  +2.5632174087749400e+00  +1.7959209633568292e+01  
+5.2739708705865276e-03  +5.1330691470698282e+00  +1.5389355774660428e+01  
+2.5714609655674825e+00  +7.6955598683578472e+00  +1.7958312194472992e+01  
+4.0855245767273621e-03  +1.0261213230382673e+01  +7.7453937215504276e-08  
+2.5714623943025923e+00  +1.2826865721601271e+01  +2.5641131212979258e+00  
+5.1521137581046696e+00  +1.5375486595634941e+01  -4.7126324532533546e-03  
+7.7023715219266577e+00  +1.7959209441404074e+01  +2.5632175318479886e+00  
+5.1375145818051298e+00  +1.0261761459169232e+01  +5.1278143491808175e+00  
+7.6980439763699327e+00  +1.2825246817064116e+01  +7.6971797033661860e+00  
+5.2739908969565413e-03  +1.5389355746350681e+01  +5.1330691021452637e+00  
+2.5714609842341911e+00  +1.7958312035473792e+01  +7.6955596736954641e+00  
+9.8680854164314331e-03  +1.0261213383058720e+01  +1.0261213163362001e+01  
+2.5722426602803474e+00  +1.2831313304080531e+01  +1.2831313193531969e+01  
+5.1375138825104694e+00  +1.5394612296496948e+01  +1.0260664777810842e+01  
+7.7257219514879027e+00  +1.7962043586341665e+01  +1.2806160772486523e+01  
+5.1375138729091052e+00  +1.0260664986974493e+01  +1.5394612331253446e+01  
+7.7257219474608840e+00  +1.2806160883753112e+01  +1.7962043759552550e+01  
+1.8448769003925705e-03  +1.5393321710737620e+01  +1.5393321782914708e+01  
+2.5990623320074966e+00  +1.7946692955013852e+01  +1.7946693148707727e+01  
+1.0272916563796684e+01  +8.2164442137335273e-07  +1.0460525369173331e-06  
+1.2835485800305962e+01  +2.5652631977385143e+00  +2.5652633111655487e+00  
+1.5415864601476372e+01  +5.1130705880342351e+00  +2.1596034217419655e-03  
+1.7962637889377405e+01  +7.6973506967915890e+00  +2.5662682270247408e+00  
+1.5415864628129560e+01  +2.1593808985967871e-03  +5.1130705388689730e+00  
+1.7962637895340016e+01  +2.5662681063608579e+00  +7.6973505107246947e+00  
+1.0265777131369466e+01  +5.1294360702313684e+00  +5.1294360383210638e+00  
+1.2828707125783012e+01  +7.6944923015303432e+00  +7.6944921298935984e+00  
+1.0318479983395607e+01  -6.3992658505528149e-07  +1.0261211609546804e+01  
+1.2854855200853589e+01  +2.5694067367690816e+00  +1.2849111177057518e+01  
+1.5397022336852757e+01  +5.1339521622440492e+00  +1.0262947642527406e+01  
+1.7964475083769155e+01  +7.6997292855818014e+00  +1.2822696606223943e+01  
+1.5415862322594798e+01  -2.1570757050362664e-03  +1.5409356212367237e+01  
+1.7993716875614620e+01  +2.5525765150494668e+00  +1.7969850282714596e+01  
+1.0262246605626503e+01  +5.1305120429273599e+00  +1.5391913351753313e+01  
+1.2854855394060296e+01  +7.6733125466127712e+00  +1.7953019452780275e+01  
+1.0318479974506102e+01  +1.0261211815006963e+01  -4.3275162537140931e-07  
+1.2854855196546811e+01  +1.2849111297638039e+01  +2.5694068455735213e+00  
+1.5415862344398047e+01  +1.5409356171212355e+01  -2.1568667520546090e-03  
+1.7993716869540275e+01  +1.7969850089685540e+01  +2.5525766382043602e+00  
+1.5397022348033518e+01  +1.0262947856605422e+01  +5.1339521302366524e+00  
+1.7964475074845367e+01  +1.2822696722584993e+01  +7.6997290954530664e+00  
+1.0262246595752030e+01  +1.5391913304972359e+01  +5.1305119935455652e+00  
+1.2854855398280439e+01  +1.7953019282701138e+01  +7.6733123605151565e+00  
+1.0263980433983313e+01  +1.0261213036590782e+01  +1.0261212844381948e+01  
+1.2828708504327123e+01  +1.2827933311168136e+01  +1.2827933198819963e+01  
+1.5397022156936112e+01  +1.5388474879665399e+01  +1.0259477264866666e+01  
+1.7962635950748400e+01  +1.7956159507744779e+01  +1.2825076084424941e+01  
+1.5397022161771494e+01  +1.0259477490091681e+01  +1.5388474927547300e+01  
+1.7962635952747089e+01  +1.2825076197159703e+01  +1.7956159686263980e+01  
+1.0265778249324695e+01  +1.5392989451882565e+01  +1.5392989492633918e+01  
+1.2835484100792376e+01  +1.7957163523620085e+01  +1.7957163705266524e+01  
