 +1.29879303e+00 +1.20692428e+00 +1.24319358e+00
 -3.75438836e+00 -3.80762032e+00 +1.29089258e+00
 -3.82386953e+00 +1.26590782e+00 +6.38190254e+00
 +1.27260657e+00 -3.87197671e+00 +6.33946320e+00
 +3.91006678e+00 +3.82312330e+00 +3.86385017e+00
 -1.30048562e+00 -1.36981522e+00 +3.85611971e+00
 -1.27514270e+00 +3.71860115e+00 +8.95736909e+00
 +3.87099333e+00 -1.33384615e+00 +8.90371831e+00
 +1.28249047e+00 +1.22547339e+00 +1.15274292e+01
 -3.75475331e+00 -3.88365163e+00 +1.15080354e+01
 -3.77329396e+00 +1.18872860e+00 +1.67004388e+01
 +1.28957855e+00 -3.81058862e+00 +1.66281730e+01
 +3.78611505e+00 +3.74529077e+00 +1.40828462e+01
 -1.24666522e+00 -1.26948904e+00 +1.40276491e+01
 -1.34413101e+00 +3.86435333e+00 +1.90605809e+01
 +3.83722378e+00 -1.27511138e+00 +1.91064389e+01
 +1.31542199e+00 +1.27965548e+00 -1.91628897e+01
 -3.81434794e+00 -3.84390784e+00 -1.91531985e+01
 -3.78101617e+00 +1.20086620e+00 -1.39972429e+01
 +1.37694380e+00 -3.82719096e+00 -1.40528391e+01
 +3.87119662e+00 +3.87304129e+00 -1.66197556e+01
 -1.26165412e+00 -1.18808774e+00 -1.65954665e+01
 -1.24291692e+00 +3.80348973e+00 -1.14830445e+01
 +3.84627424e+00 -1.35636611e+00 -1.14545331e+01
 +1.20926386e+00 +1.28331739e+00 -8.97263196e+00
 -3.84582055e+00 -3.80618671e+00 -8.90913410e+00
 -3.76376563e+00 +1.26365250e+00 -3.82109911e+00
 +1.27282077e+00 -3.88244558e+00 -3.75878078e+00
 +3.85412120e+00 +3.92621664e+00 -6.38565859e+00
 -1.32532496e+00 -1.39297616e+00 -6.38172384e+00
 -1.27177415e+00 +3.79950143e+00 -1.33356799e+00
 +3.85501462e+00 -1.34108131e+00 -1.34426330e+00
